<?xml version="1.0" encoding="UTF-8"?>
<!-- Generated by org.testng.reporters.JUnitReportReporter -->
<testsuite skipped="0" hostname="ATMECSINLT-283" name="com.konakart.script.HomePageScript" tests="7" failures="0" timestamp="2019-10-15T00:31:27 IST" time="45.531" errors="0">
  <testcase name="searchProduct" time="6.302" classname="com.konakart.script.HomePageScript"/>
  <testcase name="searchProduct" time="6.590" classname="com.konakart.script.HomePageScript"/>
  <testcase name="searchProduct" time="6.395" classname="com.konakart.script.HomePageScript"/>
  <testcase name="searchProduct" time="6.174" classname="com.konakart.script.HomePageScript"/>
  <testcase name="searchProduct" time="6.543" classname="com.konakart.script.HomePageScript"/>
  <testcase name="searchProduct" time="6.947" classname="com.konakart.script.HomePageScript"/>
  <testcase name="searchProduct" time="6.580" classname="com.konakart.script.HomePageScript"/>
</testsuite> <!-- com.konakart.script.HomePageScript -->
