<?xml version="1.0" encoding="UTF-8"?>
<!-- Generated by org.testng.reporters.JUnitReportReporter -->
<testsuite skipped="0" hostname="ATMECSINLT-283" name="com.konakart.script.ProductDetailsScript" tests="9" failures="0" timestamp="2019-10-15T16:43:24 IST" time="32.098" errors="0">
  <testcase name="clickOnSlideShow" time="4.826" classname="com.konakart.script.ProductDetailsScript"/>
  <testcase name="validateProductDescription" time="0.846" classname="com.konakart.script.ProductDetailsScript"/>
  <testcase name="validateProductDescription" time="0.973" classname="com.konakart.script.ProductDetailsScript"/>
  <testcase name="validateProductSpecification" time="1.549" classname="com.konakart.script.ProductDetailsScript"/>
  <testcase name="clickOnProductReview" time="1.064" classname="com.konakart.script.ProductDetailsScript"/>
  <testcase name="productReview" time="5.778" classname="com.konakart.script.ProductDetailsScript"/>
  <testcase name="productReview" time="5.990" classname="com.konakart.script.ProductDetailsScript"/>
  <testcase name="productReview" time="5.177" classname="com.konakart.script.ProductDetailsScript"/>
  <testcase name="productReview" time="5.895" classname="com.konakart.script.ProductDetailsScript"/>
</testsuite> <!-- com.konakart.script.ProductDetailsScript -->
