<?xml version="1.0" encoding="UTF-8"?>
<!-- Generated by org.testng.reporters.JUnitReportReporter -->
<testsuite skipped="0" hostname="ATMECSINLT-283" name="com.konakart.script.HomePageScript" tests="7" failures="0" timestamp="2019-10-15T16:43:24 IST" time="61.729" errors="0">
  <testcase name="validateSearchedProduct" time="8.976" classname="com.konakart.script.HomePageScript"/>
  <testcase name="validateSearchedProduct" time="8.941" classname="com.konakart.script.HomePageScript"/>
  <testcase name="validateSearchedProduct" time="8.651" classname="com.konakart.script.HomePageScript"/>
  <testcase name="validateSearchedProduct" time="8.400" classname="com.konakart.script.HomePageScript"/>
  <testcase name="validateSearchedProduct" time="8.634" classname="com.konakart.script.HomePageScript"/>
  <testcase name="validateSearchedProduct" time="9.760" classname="com.konakart.script.HomePageScript"/>
  <testcase name="validateSearchedProduct" time="8.367" classname="com.konakart.script.HomePageScript"/>
</testsuite> <!-- com.konakart.script.HomePageScript -->
