<?xml version="1.0" encoding="UTF-8"?>
<!-- Generated by org.testng.reporters.JUnitReportReporter -->
<testsuite skipped="0" hostname="ATMECSINLT-283" name="com.website.script.ProductDetailsScript" tests="8" failures="0" timestamp="2019-10-14T20:59:39 IST" time="14.688" errors="0">
  <testcase name="clickOnSlideShow" time="4.004" classname="com.website.script.ProductDetailsScript"/>
  <testcase name="validateProduct" time="1.616" classname="com.website.script.ProductDetailsScript"/>
  <testcase name="validateProduct" time="1.828" classname="com.website.script.ProductDetailsScript"/>
  <testcase name="clickOnProductReview" time="0.765" classname="com.website.script.ProductDetailsScript"/>
  <testcase name="productReview" time="1.232" classname="com.website.script.ProductDetailsScript"/>
  <testcase name="productReview" time="1.750" classname="com.website.script.ProductDetailsScript"/>
  <testcase name="productReview" time="2.024" classname="com.website.script.ProductDetailsScript"/>
  <testcase name="productReview" time="1.469" classname="com.website.script.ProductDetailsScript"/>
</testsuite> <!-- com.website.script.ProductDetailsScript -->
