<?xml version="1.0" encoding="UTF-8"?>
<!-- Generated by org.testng.reporters.JUnitReportReporter -->
<testsuite skipped="0" hostname="ATMECSINLT-283" name="com.website.websiteautomation.script.App" tests="7" failures="0" timestamp="2019-10-13T15:08:12 IST" time="35.762" errors="0">
  <testcase name="click" time="4.404" classname="com.website.websiteautomation.script.App"/>
  <testcase name="click" time="4.545" classname="com.website.websiteautomation.script.App"/>
  <testcase name="click" time="5.062" classname="com.website.websiteautomation.script.App"/>
  <testcase name="click" time="6.170" classname="com.website.websiteautomation.script.App"/>
  <testcase name="click" time="4.886" classname="com.website.websiteautomation.script.App"/>
  <testcase name="click" time="5.426" classname="com.website.websiteautomation.script.App"/>
  <testcase name="click" time="5.269" classname="com.website.websiteautomation.script.App"/>
</testsuite> <!-- com.website.websiteautomation.script.App -->
