<?xml version="1.0" encoding="UTF-8"?>
<!-- Generated by org.testng.reporters.JUnitReportReporter -->
<testsuite skipped="0" hostname="ATMECSINLT-283" name="com.konakart.script.HomePageScript" tests="7" failures="0" timestamp="2019-10-15T14:35:50 IST" time="64.944" errors="0">
  <testcase name="validateSearchedProduct" time="9.083" classname="com.konakart.script.HomePageScript"/>
  <testcase name="validateSearchedProduct" time="8.910" classname="com.konakart.script.HomePageScript"/>
  <testcase name="validateSearchedProduct" time="8.414" classname="com.konakart.script.HomePageScript"/>
  <testcase name="validateSearchedProduct" time="8.694" classname="com.konakart.script.HomePageScript"/>
  <testcase name="validateSearchedProduct" time="8.343" classname="com.konakart.script.HomePageScript"/>
  <testcase name="validateSearchedProduct" time="12.676" classname="com.konakart.script.HomePageScript"/>
  <testcase name="validateSearchedProduct" time="8.824" classname="com.konakart.script.HomePageScript"/>
</testsuite> <!-- com.konakart.script.HomePageScript -->
