<?xml version="1.0" encoding="UTF-8"?>
<!-- Generated by org.testng.reporters.JUnitReportReporter -->
<testsuite skipped="0" hostname="ATMECSINLT-283" name="com.konakart.script.HomePageScript" tests="7" failures="0" timestamp="2019-10-14T23:24:00 IST" time="90.881" errors="0">
  <testcase name="click" time="13.647" classname="com.konakart.script.HomePageScript"/>
  <testcase name="click" time="13.038" classname="com.konakart.script.HomePageScript"/>
  <testcase name="click" time="12.954" classname="com.konakart.script.HomePageScript"/>
  <testcase name="click" time="12.826" classname="com.konakart.script.HomePageScript"/>
  <testcase name="click" time="13.043" classname="com.konakart.script.HomePageScript"/>
  <testcase name="click" time="12.272" classname="com.konakart.script.HomePageScript"/>
  <testcase name="click" time="13.101" classname="com.konakart.script.HomePageScript"/>
</testsuite> <!-- com.konakart.script.HomePageScript -->
