<?xml version="1.0" encoding="UTF-8"?>
<!-- Generated by org.testng.reporters.JUnitReportReporter -->
<testsuite skipped="0" hostname="ATMECSINLT-283" name="com.website.script.Practice" tests="1" failures="0" timestamp="2019-10-13T17:23:14 IST" time="0.351" errors="0">
  <testcase name="practice" time="0.351" classname="com.website.script.Practice"/>
</testsuite> <!-- com.website.script.Practice -->
