<?xml version="1.0" encoding="UTF-8"?>
<!-- Generated by org.testng.reporters.JUnitReportReporter -->
<testsuite skipped="0" hostname="ATMECSINLT-283" name="com.konakart.script.ProductDetailsScript" tests="8" failures="0" timestamp="2019-10-14T23:25:54 IST" time="18.073" errors="0">
  <testcase name="clickOnSlideShow" time="4.491" classname="com.konakart.script.ProductDetailsScript"/>
  <testcase name="validateProduct" time="1.970" classname="com.konakart.script.ProductDetailsScript"/>
  <testcase name="validateProduct" time="1.902" classname="com.konakart.script.ProductDetailsScript"/>
  <testcase name="clickOnProductReview" time="1.901" classname="com.konakart.script.ProductDetailsScript"/>
  <testcase name="productReview" time="2.102" classname="com.konakart.script.ProductDetailsScript"/>
  <testcase name="productReview" time="2.439" classname="com.konakart.script.ProductDetailsScript"/>
  <testcase name="productReview" time="1.125" classname="com.konakart.script.ProductDetailsScript"/>
  <testcase name="productReview" time="2.143" classname="com.konakart.script.ProductDetailsScript"/>
</testsuite> <!-- com.konakart.script.ProductDetailsScript -->
