<?xml version="1.0" encoding="UTF-8"?>
<!-- Generated by org.testng.reporters.JUnitReportReporter -->
<testsuite skipped="0" hostname="ATMECSINLT-283" name="com.website.script.HomePageScript" tests="7" failures="0" timestamp="2019-10-14T20:59:39 IST" time="79.495" errors="0">
  <testcase name="click" time="12.391" classname="com.website.script.HomePageScript"/>
  <testcase name="click" time="10.751" classname="com.website.script.HomePageScript"/>
  <testcase name="click" time="11.523" classname="com.website.script.HomePageScript"/>
  <testcase name="click" time="11.763" classname="com.website.script.HomePageScript"/>
  <testcase name="click" time="11.759" classname="com.website.script.HomePageScript"/>
  <testcase name="click" time="10.359" classname="com.website.script.HomePageScript"/>
  <testcase name="click" time="10.949" classname="com.website.script.HomePageScript"/>
</testsuite> <!-- com.website.script.HomePageScript -->
